INFO: [HLS 200-10] Running 'D:/Vivado_Webpack/Vivado/2018.3/bin/unwrapped/win64.o/vivado_hls.exe'
INFO: [HLS 200-10] For user '74299' on host 'desktop-j8t1q8g' (Windows NT_amd64 version 6.2) on Sat Aug 01 17:32:16 +0800 2020
INFO: [HLS 200-10] In directory 'E:/FPGA/SummerSchool/project_things/deblur_IP'
INFO: [HLS 200-10] Opening project 'E:/FPGA/SummerSchool/project_things/deblur_IP/deblur_IP'.
INFO: [HLS 200-10] Opening solution 'E:/FPGA/SummerSchool/project_things/deblur_IP/deblur_IP/solution1'.
INFO: [SYN 201-201] Setting up clock 'default' with a period of 10ns.
INFO: [HLS 200-10] Setting target device to 'xc7z020clg400-1'
INFO: [SIM 211-2] *************** CSIM start ***************
INFO: [SIM 211-4] CSIM will launch GCC as the compiler.
   Compiling ../../../../WienerDeblur.cpp in debug mode
   Generating csim.exe
In file included from D:/Vivado_Webpack/Vivado/2018.3/include/floating_point_v7_0_bitacc_cmodel.h:143:0,
                 from D:/Vivado_Webpack/Vivado/2018.3/include/hls_fpo.h:186,
                 from D:/Vivado_Webpack/Vivado/2018.3/include/hls_half.h:44,
                 from D:/Vivado_Webpack/Vivado/2018.3/include/etc/ap_private.h:90,
                 from D:/Vivado_Webpack/Vivado/2018.3/include/ap_common.h:641,
                 from D:/Vivado_Webpack/Vivado/2018.3/include/ap_int.h:54,
                 from D:/Vivado_Webpack/Vivado/2018.3/include/ap_axi_sdata.h:86,
                 from D:/Vivado_Webpack/Vivado/2018.3/include/hls/hls_axi_io.h:39,
                 from D:/Vivado_Webpack/Vivado/2018.3/include/hls_video.h:48,
                 from ../../../../WienerDeblur.h:5,
                 from ../../../../WienerDeblur.cpp:4:
D:/Vivado_Webpack/Vivado/2018.3/include/gmp.h:62:0: warning: "__GMP_LIBGMP_DLL" redefined
 #define __GMP_LIBGMP_DLL  0
 
In file included from D:/Vivado_Webpack/Vivado/2018.3/include/hls_fpo.h:186:0,
                 from D:/Vivado_Webpack/Vivado/2018.3/include/hls_half.h:44,
                 from D:/Vivado_Webpack/Vivado/2018.3/include/etc/ap_private.h:90,
                 from D:/Vivado_Webpack/Vivado/2018.3/include/ap_common.h:641,
                 from D:/Vivado_Webpack/Vivado/2018.3/include/ap_int.h:54,
                 from D:/Vivado_Webpack/Vivado/2018.3/include/ap_axi_sdata.h:86,
                 from D:/Vivado_Webpack/Vivado/2018.3/include/hls/hls_axi_io.h:39,
                 from D:/Vivado_Webpack/Vivado/2018.3/include/hls_video.h:48,
                 from ../../../../WienerDeblur.h:5,
                 from ../../../../WienerDeblur.cpp:4:
D:/Vivado_Webpack/Vivado/2018.3/include/floating_point_v7_0_bitacc_cmodel.h:135:0: note: this is the location of the previous definition
 #define __GMP_LIBGMP_DLL 1
 
r 256, c 256, d 2
WARNING: Hls::stream 'hls::stream<unsigned char>.3' contains leftover data, which may result in RTL simulation hanging.
Evaluate results
INFO: [SIM 211-1] CSim done with 0 errors.
INFO: [SIM 211-3] *************** CSIM finish ***************
