

================================================================
== Vivado HLS Report for 'imag_1'
================================================================
* Date:           Sat Aug  1 17:12:51 2020

* Version:        2018.3 (Build 2405991 on Thu Dec 06 23:56:15 MST 2018)
* Project:        deblur_IP
* Solution:       solution1
* Product family: zynq
* Target device:  xc7z020clg400-1


================================================================
== Performance Estimates
================================================================
+ Timing (ns): 
    * Summary: 
    +--------+-------+----------+------------+
    |  Clock | Target| Estimated| Uncertainty|
    +--------+-------+----------+------------+
    |ap_clk  |  10.00|     7.268|        1.25|
    +--------+-------+----------+------------+

+ Latency (clock cycles): 
    * Summary: 
    +-----+-----+-----+-----+---------+
    |  Latency  |  Interval | Pipeline|
    | min | max | min | max |   Type  |
    +-----+-----+-----+-----+---------+
    |    0|    0|    0|    0|   none  |
    +-----+-----+-----+-----+---------+

    + Detail: 
        * Instance: 
        N/A

        * Loop: 
        N/A

============================================================
+ Verbose Summary: Synthesis Manager
============================================================
InlineROM: 1
ExposeGlobal: 0
============================================================
+ Verbose Summary: CDFG Model
============================================================
IsTopModel: 0
ResetActiveHigh: 1
IsCombinational: 0
IsDatapathOnly: 0
HasWiredReturn: 1
HasMFsm: 0
HasVarLatency: 0
IsPipeline: 0
IsRtlPipelined: 0
IsInstanceOverlapped: 0
IsDontTouch: 0
HasImplIP: 0
IsGatedGlobalClock: 0


============================================================
+ Verbose Summary: Schedule
============================================================
* Number of FSM states : 1
* Pipeline : 0
* Dataflow Pipeline: 0

* FSM state transitions: 
1 --> 

* FSM state operations: 

State 1 <SV = 0> <Delay = 7.26>
ST_1 : Operation 2 [1/1] (0.00ns)   --->   "call void (...)* @_ssdm_op_SpecInterface(i64* %complex_float_s, [8 x i8]* @p_str11, i32 0, i32 0, [1 x i8]* @p_str3, i32 0, i32 1024, [1 x i8]* @p_str3, [1 x i8]* @p_str3, [1 x i8]* @p_str3, i32 0, i32 0, i32 0, i32 0, [1 x i8]* @p_str3, [1 x i8]* @p_str3)"   --->   Operation 2 'specinterface' <Predicate = true> <Delay = 0.00>
ST_1 : Operation 3 [1/1] (0.00ns)   --->   "%p_val_read = call float @_ssdm_op_Read.ap_auto.float(float %p_val)"   --->   Operation 3 'read' 'p_val_read' <Predicate = true> <Delay = 0.00>
ST_1 : Operation 4 [1/1] (0.00ns)   --->   "%p_val_toint = bitcast float %p_val_read to i32"   --->   Operation 4 'bitcast' 'p_val_toint' <Predicate = true> <Delay = 0.00>
ST_1 : Operation 5 [1/1] (3.63ns)   --->   "%complex_float_read = call i64 @_ssdm_op_Read.ap_fifo.volatile.i64P(i64* %complex_float_s)"   --->   Operation 5 'read' 'complex_float_read' <Predicate = true> <Delay = 3.63> <Core = "FIFO">   --->   Core 32 'FIFO' <Latency = 0> <II = 1> <Delay = 3.63> <Storage> <Opcode : 'read' 'write' 'nbread' 'nbwrite'> <Ports = 0> <Width = 64> <Depth = 2> <FIFO>
ST_1 : Operation 6 [1/1] (0.00ns)   --->   "%gep167_part_set = call i64 @llvm.part.set.i64.i32(i64 %complex_float_read, i32 %p_val_toint, i32 32, i32 63)"   --->   Operation 6 'partset' 'gep167_part_set' <Predicate = true> <Delay = 0.00>
ST_1 : Operation 7 [1/1] (3.63ns)   --->   "call void @_ssdm_op_Write.ap_fifo.volatile.i64P(i64* %complex_float_s, i64 %gep167_part_set)"   --->   Operation 7 'write' <Predicate = true> <Delay = 3.63> <Core = "FIFO">   --->   Core 32 'FIFO' <Latency = 0> <II = 1> <Delay = 3.63> <Storage> <Opcode : 'read' 'write' 'nbread' 'nbwrite'> <Ports = 0> <Width = 64> <Depth = 2> <FIFO>
ST_1 : Operation 8 [1/1] (0.00ns)   --->   "ret void"   --->   Operation 8 'ret' <Predicate = true> <Delay = 0.00>


============================================================
+ Verbose Summary: Binding
============================================================
STG Binding: 
---------------- STG Properties BEGIN ----------------
- Is combinational: 0
- Is one-state seq: 1
- Is datapath-only: 0
- Is pipelined: 0
- Is top level: 0
Port [ Return ] is wired: 1; IO mode=ap_ctrl_hs:ce=0
Port [ complex_float_s]:  wired=1; compound=1; hidden=0; nouse=0; global=0; static=0; extern=0; dir=2; type=3; pingpong=0; private_global=0; IO mode=ap_fifo:ce=0
Port [ p_val]:  wired=1; compound=0; hidden=0; nouse=0; global=0; static=0; extern=0; dir=0; type=0; pingpong=0; private_global=0; IO mode=ap_none:ce=0
---------------- STG Properties END ------------------

---------------- Datapath Model BEGIN ----------------

<LifeTime>
<method=bitvector/>
StgValue_2         (specinterface) [ 00]
p_val_read         (read         ) [ 00]
p_val_toint        (bitcast      ) [ 00]
complex_float_read (read         ) [ 00]
gep167_part_set    (partset      ) [ 00]
StgValue_7         (write        ) [ 00]
StgValue_8         (ret          ) [ 00]
</LifeTime>

<model>

<comp_list>
<comp id="0" class="1000" name="complex_float_s">
<pin_list>
<pin id="1" dir="1" index="0" bw="1" slack="0"/>
</pin_list>
<bind>
<StgValue><ssdm name="complex_float_s"/></StgValue>
</bind>
</comp>

<comp id="2" class="1000" name="p_val">
<pin_list>
<pin id="3" dir="1" index="0" bw="1" slack="0"/>
</pin_list>
<bind>
<StgValue><ssdm name="p_val"/></StgValue>
</bind>
</comp>

<comp id="4" class="1001" name="const_4">
<pin_list>
<pin id="5" dir="1" index="0" bw="1" slack="2147483647"/>
</pin_list>
<bind>
<StgValue><ssdm name="_ssdm_op_SpecInterface"/></StgValue>
</bind>
</comp>

<comp id="6" class="1001" name="const_6">
<pin_list>
<pin id="7" dir="1" index="0" bw="1" slack="2147483647"/>
</pin_list>
<bind>
<StgValue><ssdm name="p_str11"/></StgValue>
</bind>
</comp>

<comp id="8" class="1001" name="const_8">
<pin_list>
<pin id="9" dir="1" index="0" bw="1" slack="2147483647"/>
</pin_list>
<bind>
<StgValue><ssdm name=""/></StgValue>
</bind>
</comp>

<comp id="10" class="1001" name="const_10">
<pin_list>
<pin id="11" dir="1" index="0" bw="1" slack="2147483647"/>
</pin_list>
<bind>
<StgValue><ssdm name="p_str3"/></StgValue>
</bind>
</comp>

<comp id="12" class="1001" name="const_12">
<pin_list>
<pin id="13" dir="1" index="0" bw="1" slack="2147483647"/>
</pin_list>
<bind>
<StgValue><ssdm name=""/></StgValue>
</bind>
</comp>

<comp id="14" class="1001" name="const_14">
<pin_list>
<pin id="15" dir="1" index="0" bw="1" slack="0"/>
</pin_list>
<bind>
<StgValue><ssdm name="_ssdm_op_Read.ap_auto.float"/></StgValue>
</bind>
</comp>

<comp id="16" class="1001" name="const_16">
<pin_list>
<pin id="17" dir="1" index="0" bw="1" slack="0"/>
</pin_list>
<bind>
<StgValue><ssdm name="_ssdm_op_Read.ap_fifo.volatile.i64P"/></StgValue>
</bind>
</comp>

<comp id="18" class="1001" name="const_18">
<pin_list>
<pin id="19" dir="1" index="0" bw="1" slack="0"/>
</pin_list>
<bind>
<StgValue><ssdm name="llvm.part.set.i64.i32"/></StgValue>
</bind>
</comp>

<comp id="20" class="1001" name="const_20">
<pin_list>
<pin id="21" dir="1" index="0" bw="1" slack="0"/>
</pin_list>
<bind>
<StgValue><ssdm name=""/></StgValue>
</bind>
</comp>

<comp id="22" class="1001" name="const_22">
<pin_list>
<pin id="23" dir="1" index="0" bw="1" slack="0"/>
</pin_list>
<bind>
<StgValue><ssdm name=""/></StgValue>
</bind>
</comp>

<comp id="24" class="1001" name="const_24">
<pin_list>
<pin id="25" dir="1" index="0" bw="1" slack="0"/>
</pin_list>
<bind>
<StgValue><ssdm name="_ssdm_op_Write.ap_fifo.volatile.i64P"/></StgValue>
</bind>
</comp>

<comp id="26" class="1004" name="p_val_read_read_fu_26">
<pin_list>
<pin id="27" dir="0" index="0" bw="32" slack="0"/>
<pin id="28" dir="0" index="1" bw="32" slack="0"/>
<pin id="29" dir="1" index="2" bw="32" slack="0"/>
</pin_list>
<bind>
<opcode="read(1150) " fcode="read"/>
<opset="p_val_read/1 "/>
</bind>
</comp>

<comp id="32" class="1004" name="complex_float_read_read_fu_32">
<pin_list>
<pin id="33" dir="0" index="0" bw="64" slack="0"/>
<pin id="34" dir="0" index="1" bw="64" slack="0"/>
<pin id="35" dir="1" index="2" bw="64" slack="0"/>
</pin_list>
<bind>
<opcode="read(1150) " fcode="read"/>
<opset="complex_float_read/1 "/>
</bind>
</comp>

<comp id="38" class="1004" name="StgValue_7_write_fu_38">
<pin_list>
<pin id="39" dir="0" index="0" bw="0" slack="0"/>
<pin id="40" dir="0" index="1" bw="64" slack="0"/>
<pin id="41" dir="0" index="2" bw="64" slack="0"/>
<pin id="42" dir="1" index="3" bw="0" slack="2147483647"/>
</pin_list>
<bind>
<opcode="write(1151) " fcode="write"/>
<opset="StgValue_7/1 "/>
</bind>
</comp>

<comp id="45" class="1004" name="p_val_toint_fu_45">
<pin_list>
<pin id="46" dir="0" index="0" bw="32" slack="0"/>
<pin id="47" dir="1" index="1" bw="32" slack="0"/>
</pin_list>
<bind>
<opcode="bitcast(44) " fcode="bitcast"/>
<opset="p_val_toint/1 "/>
</bind>
</comp>

<comp id="49" class="1004" name="gep167_part_set_fu_49">
<pin_list>
<pin id="50" dir="0" index="0" bw="64" slack="0"/>
<pin id="51" dir="0" index="1" bw="64" slack="0"/>
<pin id="52" dir="0" index="2" bw="32" slack="0"/>
<pin id="53" dir="0" index="3" bw="7" slack="0"/>
<pin id="54" dir="0" index="4" bw="7" slack="0"/>
<pin id="55" dir="1" index="5" bw="64" slack="0"/>
</pin_list>
<bind>
<opcode="partset(1003) " fcode="partset"/>
<opset="gep167_part_set/1 "/>
</bind>
</comp>

</comp_list>

<net_list>
<net id="30"><net_src comp="14" pin="0"/><net_sink comp="26" pin=0"/></net>

<net id="31"><net_src comp="2" pin="0"/><net_sink comp="26" pin=1"/></net>

<net id="36"><net_src comp="16" pin="0"/><net_sink comp="32" pin=0"/></net>

<net id="37"><net_src comp="0" pin="0"/><net_sink comp="32" pin=1"/></net>

<net id="43"><net_src comp="24" pin="0"/><net_sink comp="38" pin=0"/></net>

<net id="44"><net_src comp="0" pin="0"/><net_sink comp="38" pin=1"/></net>

<net id="48"><net_src comp="26" pin="2"/><net_sink comp="45" pin=0"/></net>

<net id="56"><net_src comp="18" pin="0"/><net_sink comp="49" pin=0"/></net>

<net id="57"><net_src comp="32" pin="2"/><net_sink comp="49" pin=1"/></net>

<net id="58"><net_src comp="45" pin="1"/><net_sink comp="49" pin=2"/></net>

<net id="59"><net_src comp="20" pin="0"/><net_sink comp="49" pin=3"/></net>

<net id="60"><net_src comp="22" pin="0"/><net_sink comp="49" pin=4"/></net>

<net id="61"><net_src comp="49" pin="5"/><net_sink comp="38" pin=2"/></net>

</net_list>

</model> 
---------------- Datapath Model END ------------------

* FSMD analyzer results:
  - Output states:
	Port: complex_float_s | {1 }
 - Input state : 
	Port: imag.1 : complex_float_s | {1 }
	Port: imag.1 : p_val | {1 }
  - Chain level:
	State 1
		gep167_part_set : 1
		StgValue_7 : 2


============================================================
+ Verbose Summary: Datapath Resource usage 
============================================================

* Functional unit list:
|----------|-------------------------------|
| Operation|        Functional Unit        |
|----------|-------------------------------|
|   read   |     p_val_read_read_fu_26     |
|          | complex_float_read_read_fu_32 |
|----------|-------------------------------|
|   write  |     StgValue_7_write_fu_38    |
|----------|-------------------------------|
|  partset |     gep167_part_set_fu_49     |
|----------|-------------------------------|
|   Total  |                               |
|----------|-------------------------------|

Memories:
N/A

* Register list:
N/A

* Multiplexer (MUX) list: 
|--------|------|------|------|--------|
|  Comp  |  Pin | Size |  BW  | S x BW |
|--------|------|------|------|--------|
|  Total |      |      |      |    0   |
|--------|------|------|------|--------|



* Summary:
+-----------+
|           |
+-----------+
|  Function |
|   Memory  |
|Multiplexer|
|  Register |
+-----------+
|   Total   |
+-----------+
