

================================================================
== Vivado HLS Report for 'operator_div_float'
================================================================
* Date:           Sat Aug  1 17:16:45 2020

* Version:        2018.3 (Build 2405991 on Thu Dec 06 23:56:15 MST 2018)
* Project:        deblur_IP
* Solution:       solution1
* Product family: zynq
* Target device:  xc7z020clg400-1


================================================================
== Performance Estimates
================================================================
+ Timing (ns): 
    * Summary: 
    +--------+-------+----------+------------+
    |  Clock | Target| Estimated| Uncertainty|
    +--------+-------+----------+------------+
    |ap_clk  |  10.00|     7.256|        1.25|
    +--------+-------+----------+------------+

+ Latency (clock cycles): 
    * Summary: 
    +-----+-----+-----+-----+---------+
    |  Latency  |  Interval | Pipeline|
    | min | max | min | max |   Type  |
    +-----+-----+-----+-----+---------+
    |   27|   27|   27|   27|   none  |
    +-----+-----+-----+-----+---------+

    + Detail: 
        * Instance: 
        N/A

        * Loop: 
        N/A

============================================================
+ Verbose Summary: Synthesis Manager
============================================================
InlineROM: 1
ExposeGlobal: 0
============================================================
+ Verbose Summary: CDFG Model
============================================================
IsTopModel: 0
ResetActiveHigh: 1
IsCombinational: 0
IsDatapathOnly: 0
HasWiredReturn: 1
HasMFsm: 0
HasVarLatency: 1
IsPipeline: 0
IsRtlPipelined: 0
IsInstanceOverlapped: 0
IsDontTouch: 0
HasImplIP: 0
IsGatedGlobalClock: 0


============================================================
+ Verbose Summary: Schedule
============================================================
* Number of FSM states : 3
* Pipeline : 0
* Dataflow Pipeline: 0

* FSM state transitions: 
1 --> 
	2  / true
2 --> 
	3  / true
3 --> 

* FSM state operations: 

State 1 <SV = 0> <Delay = 3.63>
ST_1 : Operation 4 [1/1] (3.63ns)   --->   "%p_r_M_real = call float @_ssdm_op_Read.ap_fifo.volatile.floatP(float* %p_x_M_real)"   --->   Operation 4 'read' 'p_r_M_real' <Predicate = true> <Delay = 3.63> <Core = "FIFO">   --->   Core 32 'FIFO' <Latency = 0> <II = 1> <Delay = 3.63> <Storage> <Opcode : 'read' 'write' 'nbread' 'nbwrite'> <Ports = 0> <Width = 32> <Depth = 2> <FIFO>
ST_1 : Operation 5 [1/1] (3.63ns)   --->   "%p_r_M_imag = call float @_ssdm_op_Read.ap_fifo.volatile.floatP(float* %p_x_M_imag)"   --->   Operation 5 'read' 'p_r_M_imag' <Predicate = true> <Delay = 3.63> <Core = "FIFO">   --->   Core 32 'FIFO' <Latency = 0> <II = 1> <Delay = 3.63> <Storage> <Opcode : 'read' 'write' 'nbread' 'nbwrite'> <Ports = 0> <Width = 32> <Depth = 2> <FIFO>

State 2 <SV = 1> <Delay = 5.70>
ST_2 : Operation 6 [2/2] (5.70ns)   --->   "%tmp1 = call fastcc { float, float } @"operator/=<float>"(float %p_r_M_real, float %p_r_M_imag, float* %p_y_M_real, float* %p_y_M_imag)"   --->   Operation 6 'call' 'tmp1' <Predicate = true> <Delay = 5.70> <CoreType = "Generic">   --->   Core 0 '' <Latency = 0> <II = 1> <Delay = 1.00> <Generic> <Opcode : >

State 3 <SV = 2> <Delay = 6.07>
ST_3 : Operation 7 [1/1] (0.00ns)   --->   "call void (...)* @_ssdm_op_SpecInterface(float* %p_y_M_real, float* %p_y_M_imag, [8 x i8]* @p_str11, i32 0, i32 0, [1 x i8]* @p_str3, i32 0, i32 1024, [1 x i8]* @p_str3, [1 x i8]* @p_str3, [1 x i8]* @p_str3, i32 0, i32 0, i32 0, i32 0, [1 x i8]* @p_str3, [1 x i8]* @p_str3)"   --->   Operation 7 'specinterface' <Predicate = true> <Delay = 0.00>
ST_3 : Operation 8 [1/1] (0.00ns)   --->   "call void (...)* @_ssdm_op_SpecInterface(float* %p_x_M_real, float* %p_x_M_imag, [8 x i8]* @p_str11, i32 0, i32 0, [1 x i8]* @p_str3, i32 0, i32 1024, [1 x i8]* @p_str3, [1 x i8]* @p_str3, [1 x i8]* @p_str3, i32 0, i32 0, i32 0, i32 0, [1 x i8]* @p_str3, [1 x i8]* @p_str3)"   --->   Operation 8 'specinterface' <Predicate = true> <Delay = 0.00>
ST_3 : Operation 9 [1/2] (6.07ns)   --->   "%tmp1 = call fastcc { float, float } @"operator/=<float>"(float %p_r_M_real, float %p_r_M_imag, float* %p_y_M_real, float* %p_y_M_imag)"   --->   Operation 9 'call' 'tmp1' <Predicate = true> <Delay = 6.07> <CoreType = "Generic">   --->   Core 0 '' <Latency = 0> <II = 1> <Delay = 1.00> <Generic> <Opcode : >
ST_3 : Operation 10 [1/1] (0.00ns)   --->   "ret { float, float } %tmp1"   --->   Operation 10 'ret' <Predicate = true> <Delay = 0.00>


============================================================
+ Verbose Summary: Timing violations
============================================================
Target clock period: 10ns, clock uncertainty: 1.25ns.

 <State 1>: 3.63ns
The critical path consists of the following:
	fifo read on port 'p_x_M_real' [7]  (3.63 ns)

 <State 2>: 5.7ns
The critical path consists of the following:
	'call' operation ('tmp1') to 'operator/=<float>' [9]  (5.7 ns)

 <State 3>: 6.08ns
The critical path consists of the following:
	'call' operation ('tmp1') to 'operator/=<float>' [9]  (6.08 ns)


============================================================
+ Verbose Summary: Binding
============================================================
N/A
* FSMD analyzer results:
  - Output states:
 - Input state : 
  - Chain level:
	State 1
	State 2
	State 3


============================================================
+ Verbose Summary: Datapath Resource usage 
============================================================
N/A
